Game/app/build/outputs/logs/manifest-merger-debug-report.txt
-- Merging decision tree log ---
manifest
ADDED from src/main/AndroidManifest.xml:2:1-116:12
INJECTED from src/main/AndroidManifest.xml:2:1-116:12
INJECTED from src/main/AndroidManifest.xml:2:1-116:12
INJECTED from src/main/AndroidManifest.xml:2:1-116:12
MERGED from [androidx.appcompat:appcompat:1.0.2] AndroidManifest.xml:17:1-22:12
MERGED from [androidx.constraintlayout:constraintlayout:1.1.3] AndroidManifest.xml:2:1-11:12
MERGED from [androidx.legacy:legacy-support-v4:1.0.0] AndroidManifest.xml:17:1-22:12
MERGED from [androidx.fragment:fragment:1.0.0] AndroidManifest.xml:17:1-22:12
MERGED from [androidx.vectordrawable:vectordrawable-animated:1.0.0] AndroidManifest.xml:17:1-22:12
MERGED from [androidx.legacy:legacy-support-core-ui:1.0.0] AndroidManifest.xml:17:1-22:12
MERGED from [androidx.legacy:legacy-support-core-utils:1.0.0] AndroidManifest.xml:17:1-22:12
MERGED from [androidx.vectordrawable:vectordrawable:1.0.1] AndroidManifest.xml:17:1-22:12
MERGED from [androidx.media:media:1.0.0] AndroidManifest.xml:17:1-22:12
MERGED from [androidx.loader:loader:1.0.0] AndroidManifest.xml:17:1-22:12
MERGED from [androidx.viewpager:viewpager:1.0.0] AndroidManifest.xml:17:1-22:12
MERGED from [androidx.coordinatorlayout:coordinatorlayout:1.0.0] AndroidManifest.xml:17:1-22:12
MERGED from [androidx.drawerlayout:drawerlayout:1.0.0] AndroidManifest.xml:17:1-22:12
MERGED from [androidx.slidingpanelayout:slidingpanelayout:1.0.0] AndroidManifest.xml:17:1-22:12
MERGED from [androidx.customview:customview:1.0.0] AndroidManifest.xml:17:1-22:12
MERGED from [androidx.swiperefreshlayout:swiperefreshlayout:1.0.0] AndroidManifest.xml:17:1-22:12
MERGED from [androidx.asynclayoutinflater:asynclayoutinflater:1.0.0] AndroidManifest.xml:17:1-22:12
MERGED from [androidx.core:core:1.0.1] AndroidManifest.xml:17:1-24:12
MERGED from [androidx.versionedparcelable:versionedparcelable:1.0.0] AndroidManifest.xml:17:1-25:12
MERGED from [androidx.cursoradapter:cursoradapter:1.0.0] AndroidManifest.xml:17:1-22:12
MERGED from [androidx.lifecycle:lifecycle-runtime:2.0.0] AndroidManifest.xml:17:1-22:12
MERGED from [androidx.documentfile:documentfile:1.0.0] AndroidManifest.xml:17:1-22:12
MERGED from [androidx.localbroadcastmanager:localbroadcastmanager:1.0.0] AndroidManifest.xml:17:1-22:12
MERGED from [androidx.print:print:1.0.0] AndroidManifest.xml:17:1-22:12
MERGED from [androidx.lifecycle:lifecycle-viewmodel:2.0.0] AndroidManifest.xml:17:1-22:12
MERGED from [androidx.interpolator:interpolator:1.0.0] AndroidManifest.xml:17:1-22:12
MERGED from [androidx.lifecycle:lifecycle-livedata:2.0.0] AndroidManifest.xml:17:1-22:12
MERGED from [androidx.lifecycle:lifecycle-livedata-core:2.0.0] AndroidManifest.xml:17:1-22:12
MERGED from [androidx.arch.core:core-runtime:2.0.0] AndroidManifest.xml:17:1-22:12
INJECTED from src/main/AndroidManifest.xml:2:1-116:12
INJECTED from src/main/AndroidManifest.xml:2:1-116:12
INJECTED from src/main/AndroidManifest.xml:2:1-116:12
	package
		ADDED from src/main/AndroidManifest.xml:3:5-31
		INJECTED from src/main/AndroidManifest.xml
		INJECTED from src/main/AndroidManifest.xml
	android:versionName
		INJECTED from src/main/AndroidManifest.xml
		ADDED from src/main/AndroidManifest.xml:2:1-116:12
		INJECTED from src/main/AndroidManifest.xml
	android:versionCode
		INJECTED from src/main/AndroidManifest.xml
		ADDED from src/main/AndroidManifest.xml:2:1-116:12
		INJECTED from src/main/AndroidManifest.xml
	xmlns:android
		ADDED from src/main/AndroidManifest.xml:2:11-69
application
ADDED from src/main/AndroidManifest.xml:5:5-114:19
MERGED from [androidx.constraintlayout:constraintlayout:1.1.3] AndroidManifest.xml:9:5-20
MERGED from [androidx.constraintlayout:constraintlayout:1.1.3] AndroidManifest.xml:9:5-20
MERGED from [androidx.core:core:1.0.1] AndroidManifest.xml:22:5-89
MERGED from [androidx.core:core:1.0.1] AndroidManifest.xml:22:5-89
MERGED from [androidx.versionedparcelable:versionedparcelable:1.0.0] AndroidManifest.xml:22:5-23:19
MERGED from [androidx.versionedparcelable:versionedparcelable:1.0.0] AndroidManifest.xml:22:5-23:19
	android:appComponentFactory
		ADDED from [androidx.core:core:1.0.1] AndroidManifest.xml:22:18-86
	android:supportsRtl
		ADDED from src/main/AndroidManifest.xml:10:9-35
	android:label
		ADDED from src/main/AndroidManifest.xml:8:9-41
	android:roundIcon
		ADDED from src/main/AndroidManifest.xml:9:9-54
	android:icon
		ADDED from src/main/AndroidManifest.xml:7:9-43
	android:allowBackup
		ADDED from src/main/AndroidManifest.xml:6:9-35
	android:theme
		ADDED from src/main/AndroidManifest.xml:11:9-40
activity#com.example.game.Presenter.PreferencePModeActivity
ADDED from src/main/AndroidManifest.xml:14:9-15:77
	android:parentActivityName
		ADDED from src/main/AndroidManifest.xml:15:13-74
	android:name
		ADDED from src/main/AndroidManifest.xml:14:19-68
activity#com.example.game.Presenter.PreferenceAModeActivity
ADDED from src/main/AndroidManifest.xml:17:9-18:77
	android:parentActivityName
		ADDED from src/main/AndroidManifest.xml:18:13-74
	android:name
		ADDED from src/main/AndroidManifest.xml:17:19-68
activity#com.example.game.Presenter.PracticeWinActivity
ADDED from src/main/AndroidManifest.xml:20:9-21:77
	android:parentActivityName
		ADDED from src/main/AndroidManifest.xml:21:13-74
	android:name
		ADDED from src/main/AndroidManifest.xml:20:19-64
activity#com.example.game.Presenter.AdventurousWinActivity
ADDED from src/main/AndroidManifest.xml:23:9-24:77
	android:parentActivityName
		ADDED from src/main/AndroidManifest.xml:24:13-74
	android:name
		ADDED from src/main/AndroidManifest.xml:23:19-67
activity#com.example.game.Presenter.ModeSelectionActivity
ADDED from src/main/AndroidManifest.xml:26:9-28:68
	android:parentActivityName
		ADDED from src/main/AndroidManifest.xml:28:13-65
	android:name
		ADDED from src/main/AndroidManifest.xml:27:13-60
activity#com.example.game.Presenter.LevelSelectionActivity
ADDED from src/main/AndroidManifest.xml:30:9-32:77
	android:parentActivityName
		ADDED from src/main/AndroidManifest.xml:32:13-74
	android:name
		ADDED from src/main/AndroidManifest.xml:31:13-61
activity#com.example.game.Presenter.BallBumpingGame.BallIntroActivity
ADDED from src/main/AndroidManifest.xml:34:9-42:20
	android:parentActivityName
		ADDED from src/main/AndroidManifest.xml:36:13-74
	android:name
		ADDED from src/main/AndroidManifest.xml:35:13-72
meta-data#android.support.PARENT_ACTIVITY
ADDED from src/main/AndroidManifest.xml:39:13-41:59
	android:value
		ADDED from src/main/AndroidManifest.xml:41:17-56
	android:name
		ADDED from src/main/AndroidManifest.xml:40:17-63
activity#com.example.game.Presenter.PlayerSignInActivity
ADDED from src/main/AndroidManifest.xml:44:9-52:20
	android:parentActivityName
		ADDED from src/main/AndroidManifest.xml:46:13-65
	android:name
		ADDED from src/main/AndroidManifest.xml:45:13-59
activity#com.example.game.Presenter.BallBumpingGame.BallBumpingGameActivity
ADDED from src/main/AndroidManifest.xml:54:9-62:20
	android:parentActivityName
		ADDED from src/main/AndroidManifest.xml:56:13-74
	android:name
		ADDED from src/main/AndroidManifest.xml:55:13-78
activity#com.example.game.Presenter.ScoreBoard.ScoreBoardActivity
ADDED from src/main/AndroidManifest.xml:64:9-65:71
	android:name
		ADDED from src/main/AndroidManifest.xml:65:13-68
activity#com.example.game.Presenter.BallBumpingGame.BallTryAgainActivity
ADDED from src/main/AndroidManifest.xml:67:9-68:77
	android:parentActivityName
		ADDED from src/main/AndroidManifest.xml:68:13-74
	android:name
		ADDED from src/main/AndroidManifest.xml:67:19-81
activity#com.example.game.Presenter.PlayerRegistrationActivity
ADDED from src/main/AndroidManifest.xml:70:9-78:20
	android:parentActivityName
		ADDED from src/main/AndroidManifest.xml:72:13-65
	android:name
		ADDED from src/main/AndroidManifest.xml:71:13-65
activity#com.example.game.Presenter.LoseActivity
ADDED from src/main/AndroidManifest.xml:80:9-88:20
	android:parentActivityName
		ADDED from src/main/AndroidManifest.xml:82:13-74
	android:name
		ADDED from src/main/AndroidManifest.xml:81:13-51
activity#com.example.game.Presenter.BallBumpingGame.BallWinActivity
ADDED from src/main/AndroidManifest.xml:90:9-92:77
	android:parentActivityName
		ADDED from src/main/AndroidManifest.xml:92:13-74
	android:name
		ADDED from src/main/AndroidManifest.xml:91:13-70
activity#com.example.game.Presenter.Trivia.TriviaActivity
ADDED from src/main/AndroidManifest.xml:94:9-96:77
	android:parentActivityName
		ADDED from src/main/AndroidManifest.xml:96:13-74
	android:name
		ADDED from src/main/AndroidManifest.xml:95:13-60
activity#com.example.game.Presenter.Trivia.TriviaWinActivity
ADDED from src/main/AndroidManifest.xml:98:9-100:77
	android:parentActivityName
		ADDED from src/main/AndroidManifest.xml:100:13-74
	android:name
		ADDED from src/main/AndroidManifest.xml:99:13-63
activity#com.example.game.Presenter.WhackAnAlien.AlienActivity
ADDED from src/main/AndroidManifest.xml:102:9-104:77
	android:parentActivityName
		ADDED from src/main/AndroidManifest.xml:104:13-74
	android:name
		ADDED from src/main/AndroidManifest.xml:103:13-65
activity#com.example.game.Presenter.MainActivity
ADDED from src/main/AndroidManifest.xml:106:9-112:20
	android:name
		ADDED from src/main/AndroidManifest.xml:106:19-57
intent-filter#action:name:android.intent.action.MAIN+category:name:android.intent.category.LAUNCHER
ADDED from src/main/AndroidManifest.xml:107:13-111:29
action#android.intent.action.MAIN
ADDED from src/main/AndroidManifest.xml:108:17-69
	android:name
		ADDED from src/main/AndroidManifest.xml:108:25-66
category#android.intent.category.LAUNCHER
ADDED from src/main/AndroidManifest.xml:110:17-77
	android:name
		ADDED from src/main/AndroidManifest.xml:110:27-74
uses-sdk
INJECTED from src/main/AndroidManifest.xml reason: use-sdk injection requested
INJECTED from src/main/AndroidManifest.xml
INJECTED from src/main/AndroidManifest.xml
MERGED from [androidx.appcompat:appcompat:1.0.2] AndroidManifest.xml:20:5-44
MERGED from [androidx.appcompat:appcompat:1.0.2] AndroidManifest.xml:20:5-44
MERGED from [androidx.constraintlayout:constraintlayout:1.1.3] AndroidManifest.xml:5:5-7:41
MERGED from [androidx.constraintlayout:constraintlayout:1.1.3] AndroidManifest.xml:5:5-7:41
MERGED from [androidx.legacy:legacy-support-v4:1.0.0] AndroidManifest.xml:20:5-44
MERGED from [androidx.legacy:legacy-support-v4:1.0.0] AndroidManifest.xml:20:5-44
MERGED from [androidx.fragment:fragment:1.0.0] AndroidManifest.xml:20:5-44
MERGED from [androidx.fragment:fragment:1.0.0] AndroidManifest.xml:20:5-44
MERGED from [androidx.vectordrawable:vectordrawable-animated:1.0.0] AndroidManifest.xml:20:5-44
MERGED from [androidx.vectordrawable:vectordrawable-animated:1.0.0] AndroidManifest.xml:20:5-44
MERGED from [androidx.legacy:legacy-support-core-ui:1.0.0] AndroidManifest.xml:20:5-44
MERGED from [androidx.legacy:legacy-support-core-ui:1.0.0] AndroidManifest.xml:20:5-44
MERGED from [androidx.legacy:legacy-support-core-utils:1.0.0] AndroidManifest.xml:20:5-44
MERGED from [androidx.legacy:legacy-support-core-utils:1.0.0] AndroidManifest.xml:20:5-44
MERGED from [androidx.vectordrawable:vectordrawable:1.0.1] AndroidManifest.xml:20:5-44
MERGED from [androidx.vectordrawable:vectordrawable:1.0.1] AndroidManifest.xml:20:5-44
MERGED from [androidx.media:media:1.0.0] AndroidManifest.xml:20:5-44
MERGED from [androidx.media:media:1.0.0] AndroidManifest.xml:20:5-44
MERGED from [androidx.loader:loader:1.0.0] AndroidManifest.xml:20:5-44
MERGED from [androidx.loader:loader:1.0.0] AndroidManifest.xml:20:5-44
MERGED from [androidx.viewpager:viewpager:1.0.0] AndroidManifest.xml:20:5-44
MERGED from [androidx.viewpager:viewpager:1.0.0] AndroidManifest.xml:20:5-44
MERGED from [androidx.coordinatorlayout:coordinatorlayout:1.0.0] AndroidManifest.xml:20:5-44
MERGED from [androidx.coordinatorlayout:coordinatorlayout:1.0.0] AndroidManifest.xml:20:5-44
MERGED from [androidx.drawerlayout:drawerlayout:1.0.0] AndroidManifest.xml:20:5-44
MERGED from [androidx.drawerlayout:drawerlayout:1.0.0] AndroidManifest.xml:20:5-44
MERGED from [androidx.slidingpanelayout:slidingpanelayout:1.0.0] AndroidManifest.xml:20:5-44
MERGED from [androidx.slidingpanelayout:slidingpanelayout:1.0.0] AndroidManifest.xml:20:5-44
MERGED from [androidx.customview:customview:1.0.0] AndroidManifest.xml:20:5-44
MERGED from [androidx.customview:customview:1.0.0] AndroidManifest.xml:20:5-44
MERGED from [androidx.swiperefreshlayout:swiperefreshlayout:1.0.0] AndroidManifest.xml:20:5-44
MERGED from [androidx.swiperefreshlayout:swiperefreshlayout:1.0.0] AndroidManifest.xml:20:5-44
MERGED from [androidx.asynclayoutinflater:asynclayoutinflater:1.0.0] AndroidManifest.xml:20:5-44
MERGED from [androidx.asynclayoutinflater:asynclayoutinflater:1.0.0] AndroidManifest.xml:20:5-44
MERGED from [androidx.core:core:1.0.1] AndroidManifest.xml:20:5-44
MERGED from [androidx.core:core:1.0.1] AndroidManifest.xml:20:5-44
MERGED from [androidx.versionedparcelable:versionedparcelable:1.0.0] AndroidManifest.xml:20:5-44
MERGED from [androidx.versionedparcelable:versionedparcelable:1.0.0] AndroidManifest.xml:20:5-44
MERGED from [androidx.cursoradapter:cursoradapter:1.0.0] AndroidManifest.xml:20:5-44
MERGED from [androidx.cursoradapter:cursoradapter:1.0.0] AndroidManifest.xml:20:5-44
MERGED from [androidx.lifecycle:lifecycle-runtime:2.0.0] AndroidManifest.xml:20:5-44
MERGED from [androidx.lifecycle:lifecycle-runtime:2.0.0] AndroidManifest.xml:20:5-44
MERGED from [androidx.documentfile:documentfile:1.0.0] AndroidManifest.xml:20:5-44
MERGED from [androidx.documentfile:documentfile:1.0.0] AndroidManifest.xml:20:5-44
MERGED from [androidx.localbroadcastmanager:localbroadcastmanager:1.0.0] AndroidManifest.xml:20:5-44
MERGED from [androidx.localbroadcastmanager:localbroadcastmanager:1.0.0] AndroidManifest.xml:20:5-44
MERGED from [androidx.print:print:1.0.0] AndroidManifest.xml:20:5-44
MERGED from [androidx.print:print:1.0.0] AndroidManifest.xml:20:5-44
MERGED from [androidx.lifecycle:lifecycle-viewmodel:2.0.0] AndroidManifest.xml:20:5-44
MERGED from [androidx.lifecycle:lifecycle-viewmodel:2.0.0] AndroidManifest.xml:20:5-44
MERGED from [androidx.interpolator:interpolator:1.0.0] AndroidManifest.xml:20:5-44
MERGED from [androidx.interpolator:interpolator:1.0.0] AndroidManifest.xml:20:5-44
MERGED from [androidx.lifecycle:lifecycle-livedata:2.0.0] AndroidManifest.xml:20:5-44
MERGED from [androidx.lifecycle:lifecycle-livedata:2.0.0] AndroidManifest.xml:20:5-44
MERGED from [androidx.lifecycle:lifecycle-livedata-core:2.0.0] AndroidManifest.xml:20:5-44
MERGED from [androidx.lifecycle:lifecycle-livedata-core:2.0.0] AndroidManifest.xml:20:5-44
MERGED from [androidx.arch.core:core-runtime:2.0.0] AndroidManifest.xml:20:5-44
MERGED from [androidx.arch.core:core-runtime:2.0.0] AndroidManifest.xml:20:5-44
INJECTED from src/main/AndroidManifest.xml
INJECTED from src/main/AndroidManifest.xml
	android:targetSdkVersion
		INJECTED from src/main/AndroidManifest.xml
		ADDED from src/main/AndroidManifest.xml
		INJECTED from src/main/AndroidManifest.xml
	android:minSdkVersion
		INJECTED from src/main/AndroidManifest.xml
		ADDED from src/main/AndroidManifest.xml
		INJECTED from src/main/AndroidManifest.xml